2024-07-23T17:23:47+00:00 NOTICE REQUEST BEGINS CONTEXT: {"_legacy":true}
2024-07-23T17:23:47+00:00 NOTICE REQUEST URL: https://sandbox.api.pagseguro.com/orders CONTEXT: {"_legacy":true}
2024-07-23T17:23:47+00:00 NOTICE REQUEST BODY: {"reference_id":"{\"id\":21,\"password\":\"q7ac1PYe^jwucUmh$q)bdWJmZoetnh\"}","items":[{"name":"teste","unit_amount":100,"quantity":1}],"customer":{"name":"wermeson soares","email":"wermeson.blucomet@gmail.com","tax_id":"06814984393"},"shipping":{"address":{"street":"Rua Joana","number":"256","locality":"N/A","city":"Acarape","region_code":"CE","country":"BRA","postal_code":"62785000"}},"qr_codes":[{"amount":{"value":100},"expiration_date":"2024-07-23T17:38:47+00:00"}],"notification_urls":["https://wess.blog/wc-api/pagbank_woocommerce_handler/"],"metadata":{"order_id":21,"signature":"xfZEtAbyiKTrWSXbDmgop74jZEekO9+kA0GNriXo5shGDLqeLjYMtOdeBDM5DUcnxvXFU/ueunpSS5a87sRMBw==","password":"q7ac1PYe^jwucUmh$q)bdWJmZoetnh"}} CONTEXT: {"_legacy":true}
2024-07-23T17:23:49+00:00 NOTICE RESPONSE CODE: 201 CONTEXT: {"_legacy":true}
2024-07-23T17:23:49+00:00 NOTICE RESPONSE BODY: {"id":"ORDE_9B3774F8-D018-49C5-BDB4-98318F04BF45","reference_id":"{\"id\":21,\"password\":\"q7ac1PYe^jwucUmh$q)bdWJmZoetnh\"}","created_at":"2024-07-23T14:23:48.540-03:00","customer":{"name":"wermeson soares","email":"wermeson.blucomet@gmail.com","tax_id":"06814984393"},"items":[{"name":"teste","quantity":1,"unit_amount":100}],"shipping":{"address":{"street":"Rua Joana","number":"256","locality":"N/A","city":"Acarape","region_code":"CE","country":"BRA","postal_code":"62785000"}},"qr_codes":[{"id":"QRCO_5DF57B6C-F7A3-49E5-967E-5887C1AA61D7","expiration_date":"2024-07-23T14:38:47.000-03:00","amount":{"value":100},"text":"00020101021226850014br.gov.bcb.pix2563api-h.pagseguro.com/pix/v2/5DF57B6C-F7A3-49E5-967E-5887C1AA61D727600016BR.COM.PAGSEGURO01365DF57B6C-F7A3-49E5-967E-5887C1AA61D752047994530398654041.005802BR5907SB Corp6009Sao Paulo62070503***6304981C","arrangements":["PIX"],"links":[{"rel":"QRCODE.PNG","href":"https://sandbox.api.pagseguro.com/qrcode/QRCO_5DF57B6C-F7A3-49E5-967E-5887C1AA61D7/png","media":"image/png","type":"GET"},{"rel":"QRCODE.BASE64","href":"https://sandbox.api.pagseguro.com/qrcode/QRCO_5DF57B6C-F7A3-49E5-967E-5887C1AA61D7/base64","media":"text/plain","type":"GET"}]}],"notification_urls":["https://wess.blog/wc-api/pagbank_woocommerce_handler/"],"links":[{"rel":"SELF","href":"https://sandbox.api.pagseguro.com/orders/ORDE_9B3774F8-D018-49C5-BDB4-98318F04BF45","media":"application/json","type":"GET"},{"rel":"PAY","href":"https://sandbox.api.pagseguro.com/orders/ORDE_9B3774F8-D018-49C5-BDB4-98318F04BF45/pay","media":"application/json","type":"POST"}]} CONTEXT: {"_legacy":true}
2024-07-23T17:23:49+00:00 NOTICE REQUEST ENDS
 CONTEXT: {"_legacy":true}
2024-07-23T17:27:16+00:00 NOTICE REQUEST BEGINS CONTEXT: {"_legacy":true}
2024-07-23T17:27:16+00:00 NOTICE REQUEST URL: https://api.pagseguro.com/orders CONTEXT: {"_legacy":true}
2024-07-23T17:27:16+00:00 NOTICE REQUEST BODY: {"reference_id":"{\"id\":25,\"password\":\"3HrB4tSwRzhIu8JdzHOmPa37VlWZu#\"}","items":[{"name":"teste","unit_amount":100,"quantity":1}],"customer":{"name":"wermeson soares","email":"wermeson.blucomet@gmail.com","tax_id":"06814984393"},"shipping":{"address":{"street":"Rua Joana","number":"256","locality":"N/A","city":"Acarape","region_code":"CE","country":"BRA","postal_code":"62785000"}},"qr_codes":[{"amount":{"value":100},"expiration_date":"2024-07-23T17:42:16+00:00"}],"notification_urls":["https://wess.blog/wc-api/pagbank_woocommerce_handler/"],"metadata":{"order_id":25,"signature":"sd4sbGnKqinF4Ar2EHz1qQoRdVe2rdaci0+8Qlzgo1727o6ryebUDvwWuGFtEXQQK81Ut/epEkc4lVLAlHKMAg==","password":"3HrB4tSwRzhIu8JdzHOmPa37VlWZu#"}} CONTEXT: {"_legacy":true}
2024-07-23T17:27:16+00:00 NOTICE RESPONSE CODE: 400 CONTEXT: {"_legacy":true}
2024-07-23T17:27:16+00:00 NOTICE RESPONSE BODY: {"error_messages":[{"code":"40002","description":"buyer email must not be equals to merchant email","parameter_name":"customer.email"}]} CONTEXT: {"_legacy":true}
2024-07-23T17:27:16+00:00 NOTICE REQUEST ENDS
 CONTEXT: {"_legacy":true}
2024-07-23T17:30:10+00:00 NOTICE REQUEST BEGINS CONTEXT: {"_legacy":true}
2024-07-23T17:30:10+00:00 NOTICE REQUEST URL: https://api.pagseguro.com/orders CONTEXT: {"_legacy":true}
2024-07-23T17:30:10+00:00 NOTICE REQUEST BODY: {"reference_id":"{\"id\":26,\"password\":\"8IrJBVezUPX2bf1pxNP)Ej6jAXpVtB\"}","items":[{"name":"teste","unit_amount":100,"quantity":2}],"customer":{"name":"wermeson soares","email":"wermeson.blucomet@gmail.com","tax_id":"06814984393"},"shipping":{"address":{"street":"Rua Joana","number":"256","locality":"N/A","city":"Acarape","region_code":"CE","country":"BRA","postal_code":"62785000"}},"qr_codes":[{"amount":{"value":200},"expiration_date":"2024-07-23T17:45:10+00:00"}],"notification_urls":["https://wess.blog/wc-api/pagbank_woocommerce_handler/"],"metadata":{"order_id":26,"signature":"W2tvkaLHOmIJIkKeRjDxdzWuRh/EXgasllWqjt7BUsI2rQaIE0eNEMzrsY3kV0ralv3TOwxTq0Hh2UekqZXVCg==","password":"8IrJBVezUPX2bf1pxNP)Ej6jAXpVtB"}} CONTEXT: {"_legacy":true}
2024-07-23T17:30:10+00:00 NOTICE RESPONSE CODE: 400 CONTEXT: {"_legacy":true}
2024-07-23T17:30:10+00:00 NOTICE RESPONSE BODY: {"error_messages":[{"code":"40002","description":"buyer email must not be equals to merchant email","parameter_name":"customer.email"}]} CONTEXT: {"_legacy":true}
2024-07-23T17:30:10+00:00 NOTICE REQUEST ENDS
 CONTEXT: {"_legacy":true}
2024-07-23T18:00:50+00:00 NOTICE REQUEST BEGINS CONTEXT: {"_legacy":true}
2024-07-23T18:00:50+00:00 NOTICE REQUEST URL: https://api.pagseguro.com/orders CONTEXT: {"_legacy":true}
2024-07-23T18:00:50+00:00 NOTICE REQUEST BODY: {"reference_id":"{\"id\":28,\"password\":\"sjyesVmM8rd2mYKVj50H!h)(*SeO7#\"}","items":[{"name":"teste","unit_amount":100,"quantity":1}],"customer":{"name":"wermeson soares","email":"wermeson.blucomet@gmail.com","tax_id":"06814984393"},"shipping":{"address":{"street":"Rua Joana","number":"256","locality":"N/A","city":"Acarape","region_code":"CE","country":"BRA","postal_code":"62785000"}},"qr_codes":[{"amount":{"value":100},"expiration_date":"2024-07-23T18:15:50+00:00"}],"notification_urls":["https://wess.blog/wc-api/pagbank_woocommerce_handler/"],"metadata":{"order_id":28,"signature":"F3nR4GR6eJYL8wFYzqLFDk7z9bhEWSGQOZquNrWsXMjiIJw2oPK8DLTjKgYjH6TeDB7phyCaAj47jUg9uU3HDQ==","password":"sjyesVmM8rd2mYKVj50H!h)(*SeO7#"}} CONTEXT: {"_legacy":true}
2024-07-23T18:00:50+00:00 NOTICE RESPONSE CODE: 400 CONTEXT: {"_legacy":true}
2024-07-23T18:00:50+00:00 NOTICE RESPONSE BODY: {"error_messages":[{"code":"40002","description":"buyer email must not be equals to merchant email","parameter_name":"customer.email"}]} CONTEXT: {"_legacy":true}
2024-07-23T18:00:50+00:00 NOTICE REQUEST ENDS
 CONTEXT: {"_legacy":true}
2024-07-23T18:03:53+00:00 NOTICE REQUEST BEGINS CONTEXT: {"_legacy":true}
2024-07-23T18:03:53+00:00 NOTICE REQUEST URL: https://api.pagseguro.com/orders CONTEXT: {"_legacy":true}
2024-07-23T18:03:53+00:00 NOTICE REQUEST BODY: {"reference_id":"{\"id\":29,\"password\":\"RmyTQmgT#aw@i6Jx#R8yyzkk&zO73f\"}","items":[{"name":"teste","unit_amount":100,"quantity":1}],"customer":{"name":"wermeson soares","email":"wermeson.digietal@gmail.com","tax_id":"06814984393"},"shipping":{"address":{"street":"Rua Joana","number":"256","locality":"N/A","city":"Acarape","region_code":"CE","country":"BRA","postal_code":"63785000"}},"qr_codes":[{"amount":{"value":100},"expiration_date":"2024-07-23T18:18:53+00:00"}],"notification_urls":["https://wess.blog/wc-api/pagbank_woocommerce_handler/"],"metadata":{"order_id":29,"signature":"YaTm/Dtq9d/1Tky/4WfcD06vbuPRKx7dsm9+KwexUxj+Xbp9FZXjYty99a78NiyLEzjhU3mPKVWQC2aesbILAA==","password":"RmyTQmgT#aw@i6Jx#R8yyzkk&zO73f"}} CONTEXT: {"_legacy":true}
2024-07-23T18:03:53+00:00 NOTICE RESPONSE CODE: 201 CONTEXT: {"_legacy":true}
2024-07-23T18:03:53+00:00 NOTICE RESPONSE BODY: {"id":"ORDE_305CBB72-35FB-4B3F-81FF-4E6F0087EF45","reference_id":"{\"id\":29,\"password\":\"RmyTQmgT#aw@i6Jx#R8yyzkk&zO73f\"}","created_at":"2024-07-23T15:03:53.147-03:00","customer":{"name":"wermeson soares","email":"wermeson.digietal@gmail.com","tax_id":"06814984393"},"items":[{"name":"teste","quantity":1,"unit_amount":100}],"shipping":{"address":{"street":"Rua Joana","number":"256","locality":"N/A","city":"Acarape","region_code":"CE","country":"BRA","postal_code":"63785000"}},"qr_codes":[{"id":"QRCO_2CA29531-D771-41C4-A5EA-C3B4E6DF4FF9","expiration_date":"2024-07-23T15:18:53.000-03:00","amount":{"value":100},"text":"00020101021226830014br.gov.bcb.pix2561api.pagseguro.com/pix/v2/2CA29531-D771-41C4-A5EA-C3B4E6DF4FF927600016BR.COM.PAGSEGURO01362CA29531-D771-41C4-A5EA-C3B4E6DF4FF952044722530398654041.005802BR5922Wermeson Marinho Soare6007Acarape62070503***63046AF3","arrangements":["PIX"],"links":[{"rel":"QRCODE.PNG","href":"https://api.pagseguro.com/qrcode/QRCO_2CA29531-D771-41C4-A5EA-C3B4E6DF4FF9/png","media":"image/png","type":"GET"},{"rel":"QRCODE.BASE64","href":"https://api.pagseguro.com/qrcode/QRCO_2CA29531-D771-41C4-A5EA-C3B4E6DF4FF9/base64","media":"text/plain","type":"GET"}]}],"notification_urls":["https://wess.blog/wc-api/pagbank_woocommerce_handler/"],"links":[{"rel":"SELF","href":"https://api.pagseguro.com/orders/ORDE_305CBB72-35FB-4B3F-81FF-4E6F0087EF45","media":"application/json","type":"GET"},{"rel":"PAY","href":"https://api.pagseguro.com/orders/ORDE_305CBB72-35FB-4B3F-81FF-4E6F0087EF45/pay","media":"application/json","type":"POST"}]} CONTEXT: {"_legacy":true}
2024-07-23T18:03:53+00:00 NOTICE REQUEST ENDS
 CONTEXT: {"_legacy":true}
2024-07-23T19:00:12+00:00 NOTICE REQUEST BEGINS CONTEXT: {"_legacy":true}
2024-07-23T19:00:12+00:00 NOTICE REQUEST URL: https://api.pagseguro.com/orders CONTEXT: {"_legacy":true}
2024-07-23T19:00:12+00:00 NOTICE REQUEST BODY: {"reference_id":"{\"id\":1205,\"password\":\"jiDpBBK5hqjyHpfG4UkHCuen&inItd\"}","items":[{"name":"teste","unit_amount":100,"quantity":1},{"name":"Teste","unit_amount":100,"quantity":1}],"customer":{"name":"wermeson soares","email":"wermeson.blucomet@gmail.com","tax_id":"06814984393"},"shipping":{"address":{"street":"Rua Joana","number":"256","locality":"N/A","city":"Acarape","region_code":"CE","country":"BRA","postal_code":"62785000"}},"qr_codes":[{"amount":{"value":200},"expiration_date":"2024-07-23T19:15:12+00:00"}],"notification_urls":["https://wess.blog/wc-api/pagbank_woocommerce_handler/"],"metadata":{"order_id":1205,"signature":"UT+aPUeEGL301QRvcPIp4iy3MmzuVKAn0xu2ZJpsWLZOf637M+Tl0GPq+y0fY/8EOqc8uRkZi0taVmylCF1yDA==","password":"jiDpBBK5hqjyHpfG4UkHCuen&inItd"}} CONTEXT: {"_legacy":true}
2024-07-23T19:00:12+00:00 NOTICE RESPONSE CODE: 400 CONTEXT: {"_legacy":true}
2024-07-23T19:00:12+00:00 NOTICE RESPONSE BODY: {"error_messages":[{"code":"40002","description":"buyer email must not be equals to merchant email","parameter_name":"customer.email"}]} CONTEXT: {"_legacy":true}
2024-07-23T19:00:12+00:00 NOTICE REQUEST ENDS
 CONTEXT: {"_legacy":true}
2024-07-23T19:00:51+00:00 NOTICE REQUEST BEGINS CONTEXT: {"_legacy":true}
2024-07-23T19:00:51+00:00 NOTICE REQUEST URL: https://api.pagseguro.com/orders CONTEXT: {"_legacy":true}
2024-07-23T19:00:51+00:00 NOTICE REQUEST BODY: {"reference_id":"{\"id\":1207,\"password\":\"t^EQvzixGK86wn!Z%p%PJfBD*#26W8\"}","items":[{"name":"teste","unit_amount":100,"quantity":1}],"customer":{"name":"wermeson soares","email":"wermeson.digietal@gmail.com","tax_id":"06814984393"},"shipping":{"address":{"street":"Rua Joana","number":"256","locality":"Conjunto São francisco","city":"Acarape","region_code":"CE","country":"BRA","postal_code":"63785000"}},"qr_codes":[{"amount":{"value":100},"expiration_date":"2024-07-23T19:15:51+00:00"}],"notification_urls":["https://wess.blog/wc-api/pagbank_woocommerce_handler/"],"metadata":{"order_id":1207,"signature":"iktvtvTMFchHcUevjV8w/PVaxqknGXOfzeEP+iSQBEtWsRkISfnJhRYdWDs9AYCVI7TO+27bUhJ/EJ131xNdCw==","password":"t^EQvzixGK86wn!Z%p%PJfBD*#26W8"}} CONTEXT: {"_legacy":true}
2024-07-23T19:00:52+00:00 NOTICE RESPONSE CODE: 201 CONTEXT: {"_legacy":true}
2024-07-23T19:00:52+00:00 NOTICE RESPONSE BODY: {"id":"ORDE_00D817E0-810F-4F23-93E7-F8D6C6817D05","reference_id":"{\"id\":1207,\"password\":\"t^EQvzixGK86wn!Z%p%PJfBD*#26W8\"}","created_at":"2024-07-23T16:00:51.726-03:00","customer":{"name":"wermeson soares","email":"wermeson.digietal@gmail.com","tax_id":"06814984393"},"items":[{"name":"teste","quantity":1,"unit_amount":100}],"shipping":{"address":{"street":"Rua Joana","number":"256","locality":"Conjunto São francisco","city":"Acarape","region_code":"CE","country":"BRA","postal_code":"63785000"}},"qr_codes":[{"id":"QRCO_4CFE573A-DDC9-4AD7-896B-F81964D1A1E2","expiration_date":"2024-07-23T16:15:51.000-03:00","amount":{"value":100},"text":"00020101021226830014br.gov.bcb.pix2561api.pagseguro.com/pix/v2/4CFE573A-DDC9-4AD7-896B-F81964D1A1E227600016BR.COM.PAGSEGURO01364CFE573A-DDC9-4AD7-896B-F81964D1A1E252044722530398654041.005802BR5922Wermeson Marinho Soare6007Acarape62070503***6304297C","arrangements":["PIX"],"links":[{"rel":"QRCODE.PNG","href":"https://api.pagseguro.com/qrcode/QRCO_4CFE573A-DDC9-4AD7-896B-F81964D1A1E2/png","media":"image/png","type":"GET"},{"rel":"QRCODE.BASE64","href":"https://api.pagseguro.com/qrcode/QRCO_4CFE573A-DDC9-4AD7-896B-F81964D1A1E2/base64","media":"text/plain","type":"GET"}]}],"notification_urls":["https://wess.blog/wc-api/pagbank_woocommerce_handler/"],"links":[{"rel":"SELF","href":"https://api.pagseguro.com/orders/ORDE_00D817E0-810F-4F23-93E7-F8D6C6817D05","media":"application/json","type":"GET"},{"rel":"PAY","href":"https://api.pagseguro.com/orders/ORDE_00D817E0-810F-4F23-93E7-F8D6C6817D05/pay","media":"application/json","type":"POST"}]} CONTEXT: {"_legacy":true}
2024-07-23T19:00:52+00:00 NOTICE REQUEST ENDS
 CONTEXT: {"_legacy":true}
